This is pdfTeX, Version 3.14159265-2.6-1.40.20 (TeX Live 2019/Arch Linux) (preloaded format=pdflatex 2020.2.1)  28 FEB 2020 10:02
entering extended mode
 restricted \write18 enabled.
 %&-line parsing enabled.
**c1.tex
(./c1.tex
LaTeX2e <2019-10-01> patch level 1
(/usr/share/texmf-dist/tex/latex/subfiles/subfiles.cls
Document Class: subfiles 2019/10/25 v1.4 Multi-file projects (class)
Preamble taken from file `../main.tex'
(/usr/share/texmf-dist/tex/latex/tools/verbatim.sty
Package: verbatim 2014/10/28 v1.5q LaTeX2e package for verbatim enhancements
\every@verbatim=\toks14
\verbatim@line=\toks15
\verbatim@in@stream=\read1
)
(/usr/share/texmf-dist/tex/latex/import/import.sty
Package: import 2009/03/23  v 5.1
) (../main.tex
(/usr/share/texmf-dist/tex/latex/base/article.cls
Document Class: article 2019/08/27 v1.4j Standard LaTeX document class
(/usr/share/texmf-dist/tex/latex/base/size10.clo
File: size10.clo 2019/08/27 v1.4j Standard LaTeX file (size option)
)
\c@part=\count80
\c@section=\count81
\c@subsection=\count82
\c@subsubsection=\count83
\c@paragraph=\count84
\c@subparagraph=\count85
\c@figure=\count86
\c@table=\count87
\abovecaptionskip=\skip41
\belowcaptionskip=\skip42
\bibindent=\dimen102
)
(/usr/share/texmf-dist/tex/latex/base/inputenc.sty
Package: inputenc 2018/08/11 v1.3c Input encoding file
\inpenc@prehook=\toks16
\inpenc@posthook=\toks17
)
(/usr/share/texmf-dist/tex/latex/mdframed/mdframed.sty
Package: mdframed 2013/07/01 1.9b: mdframed

(/usr/share/texmf-dist/tex/latex/oberdiek/kvoptions.sty
Package: kvoptions 2016/05/16 v3.12 Key value format for package options (HO)

(/usr/share/texmf-dist/tex/latex/graphics/keyval.sty
Package: keyval 2014/10/28 v1.15 key=value parser (DPC)
\KV@toks@=\toks18
)
(/usr/share/texmf-dist/tex/generic/oberdiek/ltxcmds.sty
Package: ltxcmds 2016/05/16 v1.23 LaTeX kernel commands for general use (HO)
)
(/usr/share/texmf-dist/tex/generic/oberdiek/kvsetkeys.sty
Package: kvsetkeys 2016/05/16 v1.17 Key value parser (HO)

(/usr/share/texmf-dist/tex/generic/oberdiek/infwarerr.sty
Package: infwarerr 2016/05/16 v1.4 Providing info/warning/error messages (HO)
)
(/usr/share/texmf-dist/tex/generic/oberdiek/etexcmds.sty
Package: etexcmds 2016/05/16 v1.6 Avoid name clashes with e-TeX commands (HO)

(/usr/share/texmf-dist/tex/generic/oberdiek/ifluatex.sty
Package: ifluatex 2016/05/16 v1.4 Provides the ifluatex switch (HO)
Package ifluatex Info: LuaTeX not detected.
))))
(/usr/share/texmf-dist/tex/latex/l3packages/xparse/xparse.sty
(/usr/share/texmf-dist/tex/latex/l3kernel/expl3.sty
Package: expl3 2019-10-28 L3 programming layer (loader) 

(/usr/share/texmf-dist/tex/latex/l3kernel/expl3-code.tex
Package: expl3 2019-10-28 L3 programming layer (code)
\c_max_int=\count88
\l_tmpa_int=\count89
\l_tmpb_int=\count90
\g_tmpa_int=\count91
\g_tmpb_int=\count92
\l__seq_internal_a_int=\count93
\l__seq_internal_b_int=\count94
\g__kernel_prg_map_int=\count95
\c__ior_term_noprompt_ior=\count96
\c_log_iow=\count97
\l_iow_line_count_int=\count98
\l__iow_line_target_int=\count99
\l__iow_one_indent_int=\count100
\l__iow_indent_int=\count101
\c_zero_dim=\dimen103
\c_max_dim=\dimen104
\l_tmpa_dim=\dimen105
\l_tmpb_dim=\dimen106
\g_tmpa_dim=\dimen107
\g_tmpb_dim=\dimen108
\c_zero_skip=\skip43
\c_max_skip=\skip44
\l_tmpa_skip=\skip45
\l_tmpb_skip=\skip46
\g_tmpa_skip=\skip47
\g_tmpb_skip=\skip48
\c_zero_muskip=\muskip10
\c_max_muskip=\muskip11
\l_tmpa_muskip=\muskip12
\l_tmpb_muskip=\muskip13
\g_tmpa_muskip=\muskip14
\g_tmpb_muskip=\muskip15
\l_keys_choice_int=\count102
\l__intarray_loop_int=\count103
\c__intarray_sp_dim=\dimen109
\g__intarray_font_int=\count104
\c__fp_leading_shift_int=\count105
\c__fp_middle_shift_int=\count106
\c__fp_trailing_shift_int=\count107
\c__fp_big_leading_shift_int=\count108
\c__fp_big_middle_shift_int=\count109
\c__fp_big_trailing_shift_int=\count110
\c__fp_Bigg_leading_shift_int=\count111
\c__fp_Bigg_middle_shift_int=\count112
\c__fp_Bigg_trailing_shift_int=\count113
\c__kernel_randint_max_int=\count114
\g__fp_array_int=\count115
\l__fp_array_loop_int=\count116
\l__sort_length_int=\count117
\l__sort_min_int=\count118
\l__sort_top_int=\count119
\l__sort_max_int=\count120
\l__sort_true_max_int=\count121
\l__sort_block_int=\count122
\l__sort_begin_int=\count123
\l__sort_end_int=\count124
\l__sort_A_int=\count125
\l__sort_B_int=\count126
\l__sort_C_int=\count127
\l__str_internal_int=\count128
\c__str_replacement_char_int=\count129
\l__tl_analysis_normal_int=\count130
\l__tl_analysis_index_int=\count131
\l__tl_analysis_nesting_int=\count132
\l__tl_analysis_type_int=\count133
\l__regex_internal_a_int=\count134
\l__regex_internal_b_int=\count135
\l__regex_internal_c_int=\count136
\l__regex_balance_int=\count137
\l__regex_group_level_int=\count138
\l__regex_mode_int=\count139
\c__regex_cs_in_class_mode_int=\count140
\c__regex_cs_mode_int=\count141
\l__regex_catcodes_int=\count142
\l__regex_default_catcodes_int=\count143
\c__regex_catcode_D_int=\count144
\c__regex_catcode_S_int=\count145
\c__regex_catcode_L_int=\count146
\c__regex_catcode_O_int=\count147
\c__regex_catcode_A_int=\count148
\c__regex_all_catcodes_int=\count149
\l__regex_show_lines_int=\count150
\l__regex_min_state_int=\count151
\l__regex_max_state_int=\count152
\l__regex_left_state_int=\count153
\l__regex_right_state_int=\count154
\l__regex_capturing_group_int=\count155
\l__regex_min_pos_int=\count156
\l__regex_max_pos_int=\count157
\l__regex_curr_pos_int=\count158
\l__regex_start_pos_int=\count159
\l__regex_success_pos_int=\count160
\l__regex_curr_char_int=\count161
\l__regex_curr_catcode_int=\count162
\l__regex_last_char_int=\count163
\l__regex_case_changed_char_int=\count164
\l__regex_curr_state_int=\count165
\l__regex_step_int=\count166
\l__regex_min_active_int=\count167
\l__regex_max_active_int=\count168
\l__regex_replacement_csnames_int=\count169
\l__regex_match_count_int=\count170
\l__regex_min_submatch_int=\count171
\l__regex_submatch_int=\count172
\l__regex_zeroth_submatch_int=\count173
\g__regex_trace_regex_int=\count174
\c_empty_box=\box27
\l_tmpa_box=\box28
\l_tmpb_box=\box29
\g_tmpa_box=\box30
\g_tmpb_box=\box31
\l__box_top_dim=\dimen110
\l__box_bottom_dim=\dimen111
\l__box_left_dim=\dimen112
\l__box_right_dim=\dimen113
\l__box_top_new_dim=\dimen114
\l__box_bottom_new_dim=\dimen115
\l__box_left_new_dim=\dimen116
\l__box_right_new_dim=\dimen117
\l__box_internal_box=\box32
\l__coffin_internal_box=\box33
\l__coffin_internal_dim=\dimen118
\l__coffin_offset_x_dim=\dimen119
\l__coffin_offset_y_dim=\dimen120
\l__coffin_x_dim=\dimen121
\l__coffin_y_dim=\dimen122
\l__coffin_x_prime_dim=\dimen123
\l__coffin_y_prime_dim=\dimen124
\c_empty_coffin=\box34
\l__coffin_aligned_coffin=\box35
\l__coffin_aligned_internal_coffin=\box36
\l_tmpa_coffin=\box37
\l_tmpb_coffin=\box38
\g_tmpa_coffin=\box39
\g_tmpb_coffin=\box40
\l__coffin_bounding_shift_dim=\dimen125
\l__coffin_left_corner_dim=\dimen126
\l__coffin_right_corner_dim=\dimen127
\l__coffin_bottom_corner_dim=\dimen128
\l__coffin_top_corner_dim=\dimen129
\l__coffin_scaled_total_height_dim=\dimen130
\l__coffin_scaled_width_dim=\dimen131
\c__coffin_empty_coffin=\box41
\l__coffin_display_coffin=\box42
\l__coffin_display_coord_coffin=\box43
\l__coffin_display_pole_coffin=\box44
\l__coffin_display_offset_dim=\dimen132
\l__coffin_display_x_dim=\dimen133
\l__coffin_display_y_dim=\dimen134
\g__char_data_ior=\read2

(/usr/share/texmf-dist/tex/latex/l3kernel/l3deprecation.def
File: l3deprecation.def 2019-04-06 v L3 Deprecated functions
))
(/usr/share/texmf-dist/tex/latex/l3backend/l3backend-pdfmode.def
File: l3backend-pdfmode.def 2019-04-06 L3 backend support: PDF mode
\l__kernel_color_stack_int=\count175
\l__pdf_internal_box=\box45
))
Package: xparse 2019-10-11 L3 Experimental document command parser
\l__xparse_current_arg_int=\count176
\g__xparse_grabber_int=\count177
\l__xparse_m_args_int=\count178
\l__xparse_v_nesting_int=\count179
)
(/usr/share/texmf-dist/tex/latex/etoolbox/etoolbox.sty
Package: etoolbox 2019/09/21 v2.5h e-TeX tools for LaTeX (JAW)
\etb@tempcnta=\count180
)
(/usr/share/texmf-dist/tex/latex/oberdiek/zref-abspage.sty
Package: zref-abspage 2018/11/21 v2.27 Module abspage for zref (HO)

(/usr/share/texmf-dist/tex/latex/oberdiek/zref-base.sty
Package: zref-base 2018/11/21 v2.27 Module base for zref (HO)

(/usr/share/texmf-dist/tex/generic/oberdiek/kvdefinekeys.sty
Package: kvdefinekeys 2016/05/16 v1.4 Define keys (HO)
)
(/usr/share/texmf-dist/tex/generic/oberdiek/pdftexcmds.sty
Package: pdftexcmds 2019/07/25 v0.30 Utility functions of pdfTeX for LuaTeX (HO
)

(/usr/share/texmf-dist/tex/generic/oberdiek/ifpdf.sty
Package: ifpdf 2018/09/07 v3.3 Provides the ifpdf switch
)
Package pdftexcmds Info: LuaTeX not detected.
Package pdftexcmds Info: \pdf@primitive is available.
Package pdftexcmds Info: \pdf@ifprimitive is available.
Package pdftexcmds Info: \pdfdraftmode found.
)
(/usr/share/texmf-dist/tex/latex/oberdiek/auxhook.sty
Package: auxhook 2016/05/16 v1.4 Hooks for auxiliary files (HO)
)
Package zref Info: New property list: main on input line 759.
Package zref Info: New property: default on input line 760.
Package zref Info: New property: page on input line 761.
)
(/usr/share/texmf-dist/tex/generic/oberdiek/atbegshi.sty
Package: atbegshi 2016/06/09 v1.18 At begin shipout hook (HO)
)
\c@abspage=\count181
Package zref Info: New property: abspage on input line 62.
)
(/usr/share/texmf-dist/tex/latex/needspace/needspace.sty
Package: needspace 2010/09/12 v1.3d reserve vertical space
)
(/usr/share/texmf-dist/tex/latex/graphics/color.sty
Package: color 2016/07/10 v1.1e Standard LaTeX Color (DPC)

(/usr/share/texmf-dist/tex/latex/graphics-cfg/color.cfg
File: color.cfg 2016/01/02 v1.6 sample color configuration
)
Package color Info: Driver file: pdftex.def on input line 147.

(/usr/share/texmf-dist/tex/latex/graphics-def/pdftex.def
File: pdftex.def 2018/01/08 v1.0l Graphics/color driver for pdftex
))
\mdf@templength=\skip49
\c@mdf@globalstyle@cnt=\count182
\mdf@skipabove@length=\skip50
\mdf@skipbelow@length=\skip51
\mdf@leftmargin@length=\skip52
\mdf@rightmargin@length=\skip53
\mdf@innerleftmargin@length=\skip54
\mdf@innerrightmargin@length=\skip55
\mdf@innertopmargin@length=\skip56
\mdf@innerbottommargin@length=\skip57
\mdf@splittopskip@length=\skip58
\mdf@splitbottomskip@length=\skip59
\mdf@outermargin@length=\skip60
\mdf@innermargin@length=\skip61
\mdf@linewidth@length=\skip62
\mdf@innerlinewidth@length=\skip63
\mdf@middlelinewidth@length=\skip64
\mdf@outerlinewidth@length=\skip65
\mdf@roundcorner@length=\skip66
\mdf@footenotedistance@length=\skip67
\mdf@userdefinedwidth@length=\skip68
\mdf@needspace@length=\skip69
\mdf@frametitleaboveskip@length=\skip70
\mdf@frametitlebelowskip@length=\skip71
\mdf@frametitlerulewidth@length=\skip72
\mdf@frametitleleftmargin@length=\skip73
\mdf@frametitlerightmargin@length=\skip74
\mdf@shadowsize@length=\skip75
\mdf@extratopheight@length=\skip76
\mdf@subtitleabovelinewidth@length=\skip77
\mdf@subtitlebelowlinewidth@length=\skip78
\mdf@subtitleaboveskip@length=\skip79
\mdf@subtitlebelowskip@length=\skip80
\mdf@subtitleinneraboveskip@length=\skip81
\mdf@subtitleinnerbelowskip@length=\skip82
\mdf@subsubtitleabovelinewidth@length=\skip83
\mdf@subsubtitlebelowlinewidth@length=\skip84
\mdf@subsubtitleaboveskip@length=\skip85
\mdf@subsubtitlebelowskip@length=\skip86
\mdf@subsubtitleinneraboveskip@length=\skip87
\mdf@subsubtitleinnerbelowskip@length=\skip88

(/usr/share/texmf-dist/tex/latex/mdframed/md-frame-0.mdf
File: md-frame-0.mdf 2013/07/01\ 1.9b: md-frame-0
)
\mdf@frametitlebox=\box46
\mdf@footnotebox=\box47
\mdf@splitbox@one=\box48
\mdf@splitbox@two=\box49
\mdf@splitbox@save=\box50
\mdfsplitboxwidth=\skip89
\mdfsplitboxtotalwidth=\skip90
\mdfsplitboxheight=\skip91
\mdfsplitboxdepth=\skip92
\mdfsplitboxtotalheight=\skip93
\mdfframetitleboxwidth=\skip94
\mdfframetitleboxtotalwidth=\skip95
\mdfframetitleboxheight=\skip96
\mdfframetitleboxdepth=\skip97
\mdfframetitleboxtotalheight=\skip98
\mdffootnoteboxwidth=\skip99
\mdffootnoteboxtotalwidth=\skip100
\mdffootnoteboxheight=\skip101
\mdffootnoteboxdepth=\skip102
\mdffootnoteboxtotalheight=\skip103
\mdftotallinewidth=\skip104
\mdfboundingboxwidth=\skip105
\mdfboundingboxtotalwidth=\skip106
\mdfboundingboxheight=\skip107
\mdfboundingboxdepth=\skip108
\mdfboundingboxtotalheight=\skip109
\mdf@freevspace@length=\skip110
\mdf@horizontalwidthofbox@length=\skip111
\mdf@verticalmarginwhole@length=\skip112
\mdf@horizontalspaceofbox=\skip113
\mdfsubtitleheight=\skip114
\mdfsubsubtitleheight=\skip115
\c@mdfcountframes=\count183

****** mdframed patching \endmdf@trivlist

****** -- success******

\mdf@envdepth=\count184
\c@mdf@env@i=\count185
\c@mdf@env@ii=\count186
\c@mdf@zref@counter=\count187
Package zref Info: New property: mdf@pagevalue on input line 895.
)
(/usr/share/texmf-dist/tex/latex/subfiles/subfiles.sty
Package: subfiles 2019/10/25 v1.4 Multi-file projects (package)
)
(/usr/share/texmf-dist/tex/latex/caption/subcaption.sty
Package: subcaption 2019/09/01 v1.3a Sub-captions (AR)

(/usr/share/texmf-dist/tex/latex/caption/caption.sty
Package: caption 2019/09/01 v3.3d Customizing captions (AR)

(/usr/share/texmf-dist/tex/latex/caption/caption3.sty
Package: caption3 2019/09/01 v1.8d caption3 kernel (AR)
Package caption3 Info: TeX engine: e-TeX on input line 64.
\captionmargin=\dimen135
\captionmargin@=\dimen136
\captionwidth=\dimen137
\caption@tempdima=\dimen138
\caption@indent=\dimen139
\caption@parindent=\dimen140
\caption@hangindent=\dimen141
)
\c@caption@flags=\count188
\c@ContinuedFloat=\count189
)
\c@subfigure=\count190
\c@subtable=\count191
)
(/usr/share/texmf-dist/tex/latex/graphics/graphicx.sty
Package: graphicx 2017/06/01 v1.1a Enhanced LaTeX Graphics (DPC,SPQR)

(/usr/share/texmf-dist/tex/latex/graphics/graphics.sty
Package: graphics 2019/10/08 v1.3c Standard LaTeX Graphics (DPC,SPQR)

(/usr/share/texmf-dist/tex/latex/graphics/trig.sty
Package: trig 2016/01/03 v1.10 sin cos tan (DPC)
)
(/usr/share/texmf-dist/tex/latex/graphics-cfg/graphics.cfg
File: graphics.cfg 2016/06/04 v1.11 sample graphics configuration
)
Package graphics Info: Driver file: pdftex.def on input line 105.
)
\Gin@req@height=\dimen142
\Gin@req@width=\dimen143
)
(/usr/share/texmf-dist/tex/latex/wrapfig/wrapfig.sty
\wrapoverhang=\dimen144
\WF@size=\dimen145
\c@WF@wrappedlines=\count192
\WF@box=\box51
\WF@everypar=\toks19
Package: wrapfig 2003/01/31  v 3.6
)
(/usr/share/texmf-dist/tex/latex/amsmath/amsmath.sty
Package: amsmath 2019/04/01 v2.17c AMS math features
\@mathmargin=\skip116

For additional information on amsmath, use the `?' option.
(/usr/share/texmf-dist/tex/latex/amsmath/amstext.sty
Package: amstext 2000/06/29 v2.01 AMS text

(/usr/share/texmf-dist/tex/latex/amsmath/amsgen.sty
File: amsgen.sty 1999/11/30 v2.0 generic functions
\@emptytoks=\toks20
\ex@=\dimen146
))
(/usr/share/texmf-dist/tex/latex/amsmath/amsbsy.sty
Package: amsbsy 1999/11/29 v1.2d Bold Symbols
\pmbraise@=\dimen147
)
(/usr/share/texmf-dist/tex/latex/amsmath/amsopn.sty
Package: amsopn 2016/03/08 v2.02 operator names
)
\inf@bad=\count193
LaTeX Info: Redefining \frac on input line 227.
\uproot@=\count194
\leftroot@=\count195
LaTeX Info: Redefining \overline on input line 389.
\classnum@=\count196
\DOTSCASE@=\count197
LaTeX Info: Redefining \ldots on input line 486.
LaTeX Info: Redefining \dots on input line 489.
LaTeX Info: Redefining \cdots on input line 610.
\Mathstrutbox@=\box52
\strutbox@=\box53
\big@size=\dimen148
LaTeX Font Info:    Redeclaring font encoding OML on input line 733.
LaTeX Font Info:    Redeclaring font encoding OMS on input line 734.
\macc@depth=\count198
\c@MaxMatrixCols=\count199
\dotsspace@=\muskip16
\c@parentequation=\count266
\dspbrk@lvl=\count267
\tag@help=\toks21
\row@=\count268
\column@=\count269
\maxfields@=\count270
\andhelp@=\toks22
\eqnshift@=\dimen149
\alignsep@=\dimen150
\tagshift@=\dimen151
\tagwidth@=\dimen152
\totwidth@=\dimen153
\lineht@=\dimen154
\@envbody=\toks23
\multlinegap=\skip117
\multlinetaggap=\skip118
\mathdisplay@stack=\toks24
LaTeX Info: Redefining \[ on input line 2855.
LaTeX Info: Redefining \] on input line 2856.
)
(/usr/share/texmf-dist/tex/latex/amsfonts/amsfonts.sty
Package: amsfonts 2013/01/14 v3.01 Basic AMSFonts support
\symAMSa=\mathgroup4
\symAMSb=\mathgroup5
LaTeX Font Info:    Redeclaring math symbol \hbar on input line 98.
LaTeX Font Info:    Overwriting math alphabet `\mathfrak' in version `bold'
(Font)                  U/euf/m/n --> U/euf/b/n on input line 106.
)
(/usr/share/texmf-dist/tex/latex/amsfonts/amssymb.sty
Package: amssymb 2013/01/14 v3.01 AMS font symbols
)
(/usr/share/texmf-dist/tex/latex/amscls/amsthm.sty
Package: amsthm 2017/10/31 v2.20.4
\thm@style=\toks25
\thm@bodyfont=\toks26
\thm@headfont=\toks27
\thm@notefont=\toks28
\thm@headpunct=\toks29
\thm@preskip=\skip119
\thm@postskip=\skip120
\thm@headsep=\skip121
\dth@everypar=\toks30
)
(/usr/share/texmf-dist/tex/latex/polski/polski.sty
Package: polski 2017/05/04 v1.3.4 Polish language package

   Inputenc package detected. Catcodes not changed.
   Switching to Polish text encoding and Polish maths fonts.
(/usr/share/texmf-dist/tex/latex/base/ot4enc.def
File: ot4enc.def 2018/08/11 v2.0j Standard LaTeX file
Now handling font encoding OT4 ...
... no UTF-8 mapping file for font encoding OT4
)
LaTeX Font Info:    Trying to load font information for OT4+cmr on input line 3
60.

(/usr/share/texmf-dist/tex/latex/polski/ot4cmr.fd
File: ot4cmr.fd 2008/02/24 v1.2.1 Font defs for fonts PL (MW)
)
LaTeX Font Info:    Overwriting math alphabet `\mathbf' in version `normal'
(Font)                  OT1/cmr/bx/n --> OT4/cmr/bx/n on input line 360.
LaTeX Font Info:    Overwriting math alphabet `\mathsf' in version `normal'
(Font)                  OT1/cmss/m/n --> OT4/cmss/m/n on input line 360.
LaTeX Font Info:    Overwriting math alphabet `\mathit' in version `normal'
(Font)                  OT1/cmr/m/it --> OT4/cmr/m/it on input line 360.
LaTeX Font Info:    Overwriting math alphabet `\mathtt' in version `normal'
(Font)                  OT1/cmtt/m/n --> OT4/cmtt/m/n on input line 360.
LaTeX Font Info:    Overwriting math alphabet `\mathsf' in version `bold'
(Font)                  OT1/cmss/bx/n --> OT4/cmss/bx/n on input line 360.
LaTeX Font Info:    Overwriting math alphabet `\mathit' in version `bold'
(Font)                  OT1/cmr/bx/it --> OT4/cmr/bx/it on input line 360.
LaTeX Font Info:    Encoding `OT1' has changed to `OT4' for symbol font
(Font)              `operators' in the math version `normal' on input line 360.

LaTeX Font Info:    Overwriting symbol font `operators' in version `normal'
(Font)                  OT1/cmr/m/n --> OT4/cmr/m/n on input line 360.
LaTeX Font Info:    Overwriting symbol font `letters' in version `normal'
(Font)                  OML/cmm/m/it --> OML/plm/m/it on input line 360.
LaTeX Font Info:    Overwriting symbol font `symbols' in version `normal'
(Font)                  OMS/cmsy/m/n --> OMS/plsy/m/n on input line 360.
LaTeX Font Info:    Overwriting symbol font `largesymbols' in version `normal'
(Font)                  OMX/cmex/m/n --> OMX/plex/m/n on input line 360.
LaTeX Font Info:    Encoding `OT1' has changed to `OT4' for symbol font
(Font)              `operators' in the math version `bold' on input line 360.
LaTeX Font Info:    Overwriting symbol font `operators' in version `bold'
(Font)                  OT1/cmr/bx/n --> OT4/cmr/bx/n on input line 360.
LaTeX Font Info:    Overwriting symbol font `letters' in version `bold'
(Font)                  OML/cmm/b/it --> OML/plm/b/it on input line 360.
LaTeX Font Info:    Overwriting symbol font `symbols' in version `bold'
(Font)                  OMS/cmsy/b/n --> OMS/plsy/b/n on input line 360.
)
\c@tw=\count271
\c@stw=\count272
\c@obserwacja=\count273
\c@dowod=\count274
\c@definicja=\count275
\c@przyklad=\count276
\c@pytanie=\count277
)) (./c1.aux)
\openout1 = `c1.aux'.

LaTeX Font Info:    Checking defaults for OML/cmm/m/it on input line 7.
LaTeX Font Info:    ... okay on input line 7.
LaTeX Font Info:    Checking defaults for T1/cmr/m/n on input line 7.
LaTeX Font Info:    ... okay on input line 7.
LaTeX Font Info:    Checking defaults for OT1/cmr/m/n on input line 7.
LaTeX Font Info:    ... okay on input line 7.
LaTeX Font Info:    Checking defaults for OMS/cmsy/m/n on input line 7.
LaTeX Font Info:    ... okay on input line 7.
LaTeX Font Info:    Checking defaults for OMX/cmex/m/n on input line 7.
LaTeX Font Info:    ... okay on input line 7.
LaTeX Font Info:    Checking defaults for U/cmr/m/n on input line 7.
LaTeX Font Info:    ... okay on input line 7.
LaTeX Font Info:    Checking defaults for OT4/cmr/m/n on input line 7.
LaTeX Font Info:    ... okay on input line 7.
\AtBeginShipoutBox=\box54

(/usr/share/texmf-dist/tex/context/base/mkii/supp-pdf.mkii
[Loading MPS to PDF converter (version 2006.09.02).]
\scratchcounter=\count278
\scratchdimen=\dimen155
\scratchbox=\box55
\nofMPsegments=\count279
\nofMParguments=\count280
\everyMPshowfont=\toks31
\MPscratchCnt=\count281
\MPscratchDim=\dimen156
\MPnumerator=\count282
\makeMPintoPDFobject=\count283
\everyMPtoPDFconversion=\toks32
) (/usr/share/texmf-dist/tex/latex/oberdiek/epstopdf-base.sty
Package: epstopdf-base 2016/05/15 v2.6 Base part for package epstopdf

(/usr/share/texmf-dist/tex/latex/oberdiek/grfext.sty
Package: grfext 2016/05/16 v1.2 Manage graphics extensions (HO)
)
Package epstopdf-base Info: Redefining graphics rule for `.eps' on input line 4
38.
Package grfext Info: Graphics extension search list:
(grfext)             [.pdf,.png,.jpg,.mps,.jpeg,.jbig2,.jb2,.PDF,.PNG,.JPG,.JPE
G,.JBIG2,.JB2,.eps]
(grfext)             \AppendGraphicsExtensions on input line 456.

(/usr/share/texmf-dist/tex/latex/latexconfig/epstopdf-sys.cfg
File: epstopdf-sys.cfg 2010/07/13 v1.3 Configuration of (r)epstopdf for TeX Liv
e
))
Package caption Info: Begin \AtBeginDocument code.
Package caption Info: wrapfig package is loaded.
Package caption Info: End \AtBeginDocument code.
LaTeX Font Info:    Trying to load font information for OML+plm on input line 1
0.

(/usr/share/texmf-dist/tex/latex/polski/omlplm.fd
File: omlplm.fd 2008/02/24 v1.2.1 Font defs for fonts PL (MW)
)
LaTeX Font Info:    Trying to load font information for OMS+plsy on input line 
10.

(/usr/share/texmf-dist/tex/latex/polski/omsplsy.fd
File: omsplsy.fd 2008/02/24 v1.2.1 Font defs for fonts PL (MW)
)
LaTeX Font Info:    Trying to load font information for OMX+plex on input line 
10.

(/usr/share/texmf-dist/tex/latex/polski/omxplex.fd
File: omxplex.fd 2008/02/24 v1.2.1 Font defs for fonts PL (MW)
)
LaTeX Font Info:    External font `plex10' loaded for size
(Font)              <10> on input line 10.
LaTeX Font Info:    External font `plex10' loaded for size
(Font)              <7> on input line 10.
LaTeX Font Info:    External font `plex10' loaded for size
(Font)              <5> on input line 10.
LaTeX Font Info:    Trying to load font information for U+msa on input line 10.


(/usr/share/texmf-dist/tex/latex/amsfonts/umsa.fd
File: umsa.fd 2013/01/14 v3.01 AMS symbols A
)
LaTeX Font Info:    Trying to load font information for U+msb on input line 10.


(/usr/share/texmf-dist/tex/latex/amsfonts/umsb.fd
File: umsb.fd 2013/01/14 v3.01 AMS symbols B
) [1

{/var/lib/texmf/fonts/map/pdftex/updmap/pdftex.map}]
Overfull \hbox (57.81479pt too wide) detected at line 78
[]
 []

[2] [3] (./c1.aux) ) 
Here is how much of TeX's memory you used:
 15558 strings out of 492167
 281778 string characters out of 6131559
 343160 words of memory out of 5000000
 19785 multiletter control sequences out of 15000+600000
 538761 words of font info for 43 fonts, out of 8000000 for 9000
 1141 hyphenation exceptions out of 8191
 64i,10n,84p,883b,317s stack positions out of 5000i,500n,10000p,200000b,80000s
{/usr/share/texmf-dist/fonts/enc/dvips/pl/plrm.enc}{/usr/sh
are/texmf-dist/fonts/enc/dvips/pl/plmi.enc}{/usr/share/texmf-dist/fonts/enc/dvi
ps/pl/plsc.enc}{/usr/share/texmf-dist/fonts/enc/dvips/pl/plme.enc}{/usr/share/t
exmf-dist/fonts/enc/dvips/pl/plms.enc}</usr/share/texmf-dist/fonts/type1/public
/amsfonts/symbols/msbm10.pfb></usr/share/texmf-dist/fonts/type1/public/pl/plbx1
0.pfb></usr/share/texmf-dist/fonts/type1/public/pl/plbx12.pfb></usr/share/texmf
-dist/fonts/type1/public/pl/plex10.pfb></usr/share/texmf-dist/fonts/type1/publi
c/pl/plmi10.pfb></usr/share/texmf-dist/fonts/type1/public/pl/plmi5.pfb></usr/sh
are/texmf-dist/fonts/type1/public/pl/plmi7.pfb></usr/share/texmf-dist/fonts/typ
e1/public/pl/plr10.pfb></usr/share/texmf-dist/fonts/type1/public/pl/plr5.pfb></
usr/share/texmf-dist/fonts/type1/public/pl/plr7.pfb></usr/share/texmf-dist/font
s/type1/public/pl/plsy10.pfb></usr/share/texmf-dist/fonts/type1/public/pl/plsy7
.pfb>
Output written on c1.pdf (3 pages, 67909 bytes).
PDF statistics:
 67 PDF objects out of 1000 (max. 8388607)
 49 compressed objects within 1 object stream
 0 named destinations out of 1000 (max. 500000)
 1 words of extra memory for PDF output out of 10000 (max. 10000000)

